2026-05-20 11:21:27 [INFO] PyTorch or PyTorch Geometric NOT available. Falling back to fingerprint UMAP (Method A).
2026-05-20 11:21:39 [INFO] [1/8] Downloading datasets and setting up SQLite...
2026-05-20 11:21:39 [INFO] Attempting to download FlavorDB datasets from Cosylab Github...
2026-05-20 11:21:39 [WARNING] External download of FlavorDB files failed: HTTP Error 404: Not Found. Falling back to PubChemPy and local database.
2026-05-20 11:21:39 [ERROR] RDKit failed to parse SMILES for limonin (CC1(C2CC3C4(C5CC6C7(C(C5(CC4C(=O)O2)O1)CC(=O)C7C8=COC(=O)O8)C)C)C): SMILES parsed as None
2026-05-20 11:21:39 [ERROR] RDKit failed to parse SMILES for theaflavin (C1C(C(OC2=CC(=CC(=C12)O)O)C3=CC(=C4C(=C3)C(=O)C5=C(C(=C(C=C5)O)O)C6C(CC7=C(O6)C=C(C=C7O)O)O)O)O): SMILES parsed as None
2026-05-20 11:21:39 [ERROR] RDKit failed to parse SMILES for cyclodextrin (C1C2C(C(C(O2)OC3C(C(C(O3)OC4C(C(C(O4)OC5C(C(C(O5)OC6C(C(C(O6)OC7C(C(C(O7)OC8C(C(C(O8)OC1)CO)O)O)CO)O)O)CO)O)O)CO)O)O)CO)O)O)CO)O)O): SMILES parsed as None
2026-05-20 11:21:40 [INFO] SQLite database populated. 78 unique compounds resolved.
2026-05-20 11:21:40 [INFO] [2/8] Building flavor graph...
2026-05-20 11:21:40 [INFO] Computed molecular co-occurrence graph. Generated 76 co-occurrence edges.
2026-05-20 11:21:40 [INFO] Flavor Graph built. Nodes: 96, Edges: 179
2026-05-20 11:21:40 [INFO] [3/8] Computing molecular embeddings...
2026-05-20 11:21:40 [INFO] Using Method A (Morgan Fingerprints UMAP dimensionality reduction) for embeddings...
2026-05-20 11:21:45 [INFO] Embeddings generated with Method A (Fingerprint UMAP). Output shape: (75, 64)
2026-05-20 11:21:45 [INFO] [4/8] Running MoBai Analysis...
2026-05-20 11:21:45 [INFO] MoBai analyses completed and saved to JSON & CSV.
2026-05-20 11:21:45 [INFO] [5/8] Training bitter classifier...
2026-05-20 11:21:45 [ERROR] RDKit failed to parse SMILES for limonin (CC1(C2CC3C4(C5CC6C7(C(C5(CC4C(=O)O2)O1)CC(=O)C7C8=COC(=O)O8)C)C)C): SMILES parsed as None
2026-05-20 11:21:46 [INFO] BitterPredict-style classifier trained. Flagged 13 compounds as high bitter risk.
2026-05-20 11:21:46 [INFO] [6/8] Generating high-resolution visualizations (300 DPI)...
2026-05-20 11:24:03 [INFO] PyTorch or PyTorch Geometric NOT available. Falling back to fingerprint UMAP (Method A).
2026-05-20 11:24:07 [INFO] [1/8] Downloading datasets and setting up SQLite...
2026-05-20 11:24:07 [INFO] Attempting to download FlavorDB datasets from Cosylab Github...
2026-05-20 11:24:07 [WARNING] External download of FlavorDB files failed: HTTP Error 404: Not Found. Falling back to PubChemPy and local database.
2026-05-20 11:24:07 [ERROR] RDKit failed to parse SMILES for limonin (CC1(C2CC3C4(C5CC6C7(C(C5(CC4C(=O)O2)O1)CC(=O)C7C8=COC(=O)O8)C)C)C): SMILES parsed as None
2026-05-20 11:24:07 [ERROR] RDKit failed to parse SMILES for theaflavin (C1C(C(OC2=CC(=CC(=C12)O)O)C3=CC(=C4C(=C3)C(=O)C5=C(C(=C(C=C5)O)O)C6C(CC7=C(O6)C=C(C=C7O)O)O)O)O): SMILES parsed as None
2026-05-20 11:24:07 [ERROR] RDKit failed to parse SMILES for cyclodextrin (C1C2C(C(C(O2)OC3C(C(C(O3)OC4C(C(C(O4)OC5C(C(C(O5)OC6C(C(C(O6)OC7C(C(C(O7)OC8C(C(C(O8)OC1)CO)O)O)CO)O)O)CO)O)O)CO)O)O)CO)O)O)CO)O)O): SMILES parsed as None
2026-05-20 11:24:07 [INFO] SQLite database populated. 78 unique compounds resolved.
2026-05-20 11:24:07 [INFO] [2/8] Building flavor graph...
2026-05-20 11:24:07 [INFO] Computed molecular co-occurrence graph. Generated 76 co-occurrence edges.
2026-05-20 11:24:07 [INFO] Flavor Graph built. Nodes: 96, Edges: 179
2026-05-20 11:24:07 [INFO] [3/8] Computing molecular embeddings...
2026-05-20 11:24:07 [INFO] Using Method A (Morgan Fingerprints UMAP dimensionality reduction) for embeddings...
2026-05-20 11:24:12 [INFO] Embeddings generated with Method A (Fingerprint UMAP). Output shape: (75, 64)
2026-05-20 11:24:12 [INFO] [4/8] Running MoBai Analysis...
2026-05-20 11:24:12 [INFO] MoBai analyses completed and saved to JSON & CSV.
2026-05-20 11:24:12 [INFO] [5/8] Training bitter classifier...
2026-05-20 11:24:12 [ERROR] RDKit failed to parse SMILES for limonin (CC1(C2CC3C4(C5CC6C7(C(C5(CC4C(=O)O2)O1)CC(=O)C7C8=COC(=O)O8)C)C)C): SMILES parsed as None
2026-05-20 11:24:13 [INFO] BitterPredict-style classifier trained. Flagged 13 compounds as high bitter risk.
2026-05-20 11:24:13 [INFO] [6/8] Generating high-resolution visualizations (300 DPI)...
2026-05-20 11:24:14 [INFO] All 6 analytical plots saved successfully.
2026-05-20 11:24:14 [INFO] [7/8] Writing competition report...
2026-05-20 11:24:14 [INFO] MoBai_FlavorGraph_Report.md report generated successfully.
2026-05-20 11:24:14 [INFO] [8/8] Building interactive Plotly dashboard...
2026-05-20 11:24:14 [INFO] mobai_dashboard.html generated successfully.
2026-05-20 11:25:14 [INFO] PyTorch or PyTorch Geometric NOT available. Falling back to fingerprint UMAP (Method A).
2026-05-20 11:25:18 [INFO] [1/8] Downloading datasets and setting up SQLite...
2026-05-20 11:25:18 [INFO] Attempting to download FlavorDB datasets from Cosylab Github...
2026-05-20 11:25:19 [WARNING] External download of FlavorDB files failed: HTTP Error 404: Not Found. Falling back to PubChemPy and local database.
2026-05-20 11:25:19 [ERROR] RDKit failed to parse SMILES for theaflavin (C1C(C(OC2=CC(=CC(=C12)O)O)C3=CC(=C4C(=C3)C(=O)C5=C(C(=C(C=C5)O)O)C6C(CC7=C(O6)C=C(C=C7O)O)O)O)O): SMILES parsed as None
2026-05-20 11:25:19 [ERROR] RDKit failed to parse SMILES for limonin (CC1(C2CC3C4(C5CC6C7(C(C5(CC4C(=O)O2)O1)CC(=O)C7C8=COC(=O)O8)C)C)C): SMILES parsed as None
2026-05-20 11:25:19 [ERROR] RDKit failed to parse SMILES for cyclodextrin (C1C2C(C(C(O2)OC3C(C(C(O3)OC4C(C(C(O4)OC5C(C(C(O5)OC6C(C(C(O6)OC7C(C(C(O7)OC8C(C(C(O8)OC1)CO)O)O)CO)O)O)CO)O)O)CO)O)O)CO)O)O)CO)O)O): SMILES parsed as None
2026-05-20 11:25:19 [INFO] SQLite database populated. 78 unique compounds resolved.
2026-05-20 11:25:19 [INFO] [2/8] Building flavor graph...
2026-05-20 11:25:19 [INFO] Computed molecular co-occurrence graph. Generated 76 co-occurrence edges.
2026-05-20 11:25:19 [INFO] Flavor Graph built. Nodes: 96, Edges: 181
2026-05-20 11:25:19 [INFO] [3/8] Computing molecular embeddings...
2026-05-20 11:25:19 [INFO] Using Method A (Morgan Fingerprints UMAP dimensionality reduction) for embeddings...
2026-05-20 11:25:23 [INFO] Embeddings generated with Method A (Fingerprint UMAP). Output shape: (75, 64)
2026-05-20 11:25:23 [INFO] [4/8] Running MoBai Analysis...
2026-05-20 11:27:24 [INFO] PyTorch or PyTorch Geometric NOT available. Falling back to fingerprint UMAP (Method A).
2026-05-20 11:27:28 [INFO] [1/8] Downloading datasets and setting up SQLite...
2026-05-20 11:27:28 [INFO] Existing database file 'mobai_flavordb.sqlite' removed for schema upgrade.
2026-05-20 11:27:28 [INFO] Attempting to download FlavorDB datasets from Cosylab Github...
2026-05-20 11:27:28 [WARNING] External download of FlavorDB files failed: HTTP Error 404: Not Found. Falling back to PubChemPy and local database.
2026-05-20 11:27:28 [ERROR] RDKit failed to parse SMILES for limonin (CC1(C2CC3C4(C5CC6C7(C(C5(CC4C(=O)O2)O1)CC(=O)C7C8=COC(=O)O8)C)C)C): SMILES parsed as None
2026-05-20 11:27:28 [ERROR] RDKit failed to parse SMILES for theaflavin (C1C(C(OC2=CC(=CC(=C12)O)O)C3=CC(=C4C(=C3)C(=O)C5=C(C(=C(C=C5)O)O)C6C(CC7=C(O6)C=C(C=C7O)O)O)O)O): SMILES parsed as None
2026-05-20 11:27:29 [ERROR] RDKit failed to parse SMILES for cyclodextrin (C1C2C(C(C(O2)OC3C(C(C(O3)OC4C(C(C(O4)OC5C(C(C(O5)OC6C(C(C(O6)OC7C(C(C(O7)OC8C(C(C(O8)OC1)CO)O)O)CO)O)O)CO)O)O)CO)O)O)CO)O)O)CO)O)O): SMILES parsed as None
2026-05-20 11:27:29 [INFO] SQLite database populated. 78 unique compounds resolved.
2026-05-20 11:27:29 [INFO] [2/8] Building flavor graph...
2026-05-20 11:27:29 [INFO] Computed molecular co-occurrence graph. Generated 91 co-occurrence edges.
2026-05-20 11:27:29 [INFO] Flavor Graph built. Nodes: 100, Edges: 198
2026-05-20 11:27:29 [INFO] [3/8] Computing molecular embeddings...
2026-05-20 11:27:29 [INFO] Using Method A (Morgan Fingerprints UMAP dimensionality reduction) for embeddings...
2026-05-20 11:27:34 [INFO] Embeddings generated with Method A (Fingerprint UMAP). Output shape: (79, 64)
2026-05-20 11:27:34 [INFO] [4/8] Running MoBai Analysis...
2026-05-20 11:27:34 [INFO] MoBai analyses completed and saved to JSON & CSV.
2026-05-20 11:27:34 [INFO] [5/8] Training bitter classifier...
2026-05-20 11:27:34 [ERROR] RDKit failed to parse SMILES for limonin (CC1(C2CC3C4(C5CC6C7(C(C5(CC4C(=O)O2)O1)CC(=O)C7C8=COC(=O)O8)C)C)C): SMILES parsed as None
2026-05-20 11:27:35 [INFO] BitterPredict-style classifier trained. Flagged 13 compounds as high bitter risk.
2026-05-20 11:27:35 [INFO] [6/8] Generating high-resolution visualizations (300 DPI)...
2026-05-20 11:27:37 [INFO] All 6 analytical plots saved successfully.
2026-05-20 11:27:37 [INFO] [7/8] Writing competition report...
2026-05-20 11:27:37 [INFO] MoBai_FlavorGraph_Report.md report generated successfully.
2026-05-20 11:27:37 [INFO] [8/8] Building interactive Plotly dashboard...
2026-05-20 11:27:37 [INFO] mobai_dashboard.html generated successfully.
2026-05-20 11:32:19 [INFO] PyTorch or PyTorch Geometric NOT available. Falling back to fingerprint UMAP (Method A).
2026-05-20 11:32:23 [INFO] [1/8] Downloading datasets and setting up SQLite...
2026-05-20 11:32:23 [INFO] Existing database file 'mobai_flavordb.sqlite' removed for schema upgrade.
2026-05-20 11:32:23 [INFO] Attempting to download FlavorDB datasets from Cosylab Github...
2026-05-20 11:32:23 [WARNING] External download of FlavorDB files failed: HTTP Error 404: Not Found. Falling back to PubChemPy and local database.
2026-05-20 11:32:23 [ERROR] RDKit failed to parse SMILES for limonin (CC1(C2CC3C4(C5CC6C7(C(C5(CC4C(=O)O2)O1)CC(=O)C7C8=COC(=O)O8)C)C)C): SMILES parsed as None
2026-05-20 11:32:23 [ERROR] RDKit failed to parse SMILES for theaflavin (C1C(C(OC2=CC(=CC(=C12)O)O)C3=CC(=C4C(=C3)C(=O)C5=C(C(=C(C=C5)O)O)C6C(CC7=C(O6)C=C(C=C7O)O)O)O)O): SMILES parsed as None
2026-05-20 11:32:23 [ERROR] RDKit failed to parse SMILES for cyclodextrin (C1C2C(C(C(O2)OC3C(C(C(O3)OC4C(C(C(O4)OC5C(C(C(O5)OC6C(C(C(O6)OC7C(C(C(O7)OC8C(C(C(O8)OC1)CO)O)O)CO)O)O)CO)O)O)CO)O)O)CO)O)O)CO)O)O): SMILES parsed as None
2026-05-20 11:32:23 [INFO] SQLite database populated. 78 unique compounds resolved.
2026-05-20 11:32:23 [INFO] [2/8] Building flavor graph...
2026-05-20 11:32:23 [INFO] Computed molecular co-occurrence graph. Generated 91 co-occurrence edges.
2026-05-20 11:32:23 [INFO] Flavor Graph built. Nodes: 100, Edges: 198
2026-05-20 11:32:23 [INFO] [3/8] Computing molecular embeddings...
2026-05-20 11:32:23 [INFO] Using Method A (Morgan Fingerprints UMAP dimensionality reduction) for embeddings...
2026-05-20 11:32:28 [INFO] Embeddings generated with Method A (Fingerprint UMAP). Output shape: (79, 64)
2026-05-20 11:32:28 [INFO] [4/8] Running MoBai Analysis...
2026-05-20 11:32:28 [INFO] MoBai analyses completed and saved to JSON & CSV.
2026-05-20 11:32:28 [INFO] [5/8] Training bitter classifier...
2026-05-20 11:32:28 [ERROR] RDKit failed to parse SMILES for limonin (CC1(C2CC3C4(C5CC6C7(C(C5(CC4C(=O)O2)O1)CC(=O)C7C8=COC(=O)O8)C)C)C): SMILES parsed as None
2026-05-20 11:32:29 [INFO] BitterPredict-style classifier trained. Flagged 13 compounds as high bitter risk.
2026-05-20 11:32:29 [INFO] [6/8] Generating high-resolution visualizations (300 DPI)...
2026-05-20 11:32:31 [INFO] All 6 analytical plots saved successfully.
2026-05-20 11:32:31 [INFO] [7/8] Writing competition report...
2026-05-20 11:32:31 [INFO] MoBai_FlavorGraph_Report.md report generated successfully.
2026-05-20 11:32:31 [INFO] [8/8] Building interactive Plotly dashboard...
2026-05-20 11:32:31 [INFO] mobai_dashboard.html generated successfully.
2026-05-20 11:37:37 [INFO] PyTorch or PyTorch Geometric NOT available. Falling back to fingerprint UMAP (Method A).
2026-05-20 11:37:41 [INFO] [1/8] Downloading datasets and setting up SQLite...
2026-05-20 11:37:41 [INFO] Existing database file 'mobai_flavordb.sqlite' removed for schema upgrade.
2026-05-20 11:37:41 [INFO] Attempting to download FlavorDB datasets from Cosylab Github...
2026-05-20 11:37:42 [WARNING] External download of FlavorDB files failed: HTTP Error 404: Not Found. Falling back to PubChemPy and local database.
2026-05-20 11:37:42 [ERROR] RDKit failed to parse SMILES for theaflavin (C1C(C(OC2=CC(=CC(=C12)O)O)C3=CC(=C4C(=C3)C(=O)C5=C(C(=C(C=C5)O)O)C6C(CC7=C(O6)C=C(C=C7O)O)O)O)O): SMILES parsed as None
2026-05-20 11:37:42 [ERROR] RDKit failed to parse SMILES for cyclodextrin (C1C2C(C(C(O2)OC3C(C(C(O3)OC4C(C(C(O4)OC5C(C(C(O5)OC6C(C(C(O6)OC7C(C(C(O7)OC8C(C(C(O8)OC1)CO)O)O)CO)O)O)CO)O)O)CO)O)O)CO)O)O)CO)O)O): SMILES parsed as None
2026-05-20 11:37:42 [ERROR] RDKit failed to parse SMILES for limonin (CC1(C2CC3C4(C5CC6C7(C(C5(CC4C(=O)O2)O1)CC(=O)C7C8=COC(=O)O8)C)C)C): SMILES parsed as None
2026-05-20 11:37:42 [INFO] SQLite database populated. 78 unique compounds resolved.
2026-05-20 11:37:42 [INFO] [2/8] Building flavor graph...
2026-05-20 11:37:42 [INFO] Computed molecular co-occurrence graph. Generated 91 co-occurrence edges.
2026-05-20 11:37:42 [INFO] Flavor Graph built. Nodes: 100, Edges: 198
2026-05-20 11:37:42 [INFO] [3/8] Computing molecular embeddings...
2026-05-20 11:37:43 [INFO] Using Method A (Morgan Fingerprints UMAP dimensionality reduction) for embeddings...
2026-05-20 11:37:47 [INFO] Embeddings generated with Method A (Fingerprint UMAP). Output shape: (79, 64)
2026-05-20 11:37:47 [INFO] [4/8] Running MoBai Analysis...
2026-05-20 11:37:47 [INFO] MoBai analyses completed and saved to JSON & CSV.
2026-05-20 11:37:47 [INFO] [5/8] Training bitter classifier...
2026-05-20 11:37:47 [ERROR] RDKit failed to parse SMILES for limonin (CC1(C2CC3C4(C5CC6C7(C(C5(CC4C(=O)O2)O1)CC(=O)C7C8=COC(=O)O8)C)C)C): SMILES parsed as None
2026-05-20 11:37:48 [INFO] BitterPredict-style classifier trained. Flagged 13 compounds as high bitter risk.
2026-05-20 11:37:48 [INFO] [6/8] Generating high-resolution visualizations (300 DPI)...
2026-05-20 11:37:50 [INFO] All 6 analytical plots saved successfully.
2026-05-20 11:37:50 [INFO] [7/8] Writing competition report directly to README.md...
2026-05-20 11:37:50 [INFO] README.md report generated successfully.
2026-05-20 11:37:50 [INFO] [8/8] Building interactive Plotly dashboard...
2026-05-20 11:37:50 [INFO] mobai_dashboard.html generated successfully.
